<?xml version="1.0" encoding="UTF-8"?>
<testng-results ignored="0" total="1" passed="1" failed="0" skipped="0">
  <reporter-output>
    <line>
      <![CDATA[Browser launched successfully ]]>
    </line>
    <line>
      <![CDATA[Application loaded ]]>
    </line>
    <line>
      <![CDATA[Entered Textpratyushanp01@gmail.com In the Username TextBox]]>
    </line>
    <line>
      <![CDATA[Entered Text45@#Prashu In the password TextBox]]>
    </line>
    <line>
      <![CDATA[Clicked onLogin Btn]]>
    </line>
  </reporter-output>
  <suite started-at="2020-12-18T17:10:26 IST" name="Default suite" finished-at="2020-12-18T17:10:41 IST" duration-ms="14411">
    <groups>
    </groups>
    <test started-at="2020-12-18T17:10:26 IST" name="Default test" finished-at="2020-12-18T17:10:41 IST" duration-ms="14411">
      <class name="com.dunn.telemedicine.scripts.LoginWithEmailVerificationandwithoutprofileupdation">
        <test-method is-config="true" signature="setUp(org.testng.ITestContext)[pri:0, instance:com.dunn.telemedicine.scripts.LoginWithEmailVerificationandwithoutprofileupdation@4386f16]" started-at="2020-12-18T17:10:26 IST" name="setUp" finished-at="2020-12-18T17:10:36 IST" duration-ms="9902" status="PASS">
          <params>
            <param index="0">
              <value>
                <![CDATA[org.testng.TestRunner@a10c1b5]]>
              </value>
            </param>
          </params>
          <reporter-output>
            <line>
              <![CDATA[Browser launched successfully ]]>
            </line>
            <line>
              <![CDATA[Application loaded ]]>
            </line>
          </reporter-output>
        </test-method> <!-- setUp -->
        <test-method signature="login()[pri:0, instance:com.dunn.telemedicine.scripts.LoginWithEmailVerificationandwithoutprofileupdation@4386f16]" started-at="2020-12-18T17:10:36 IST" name="login" finished-at="2020-12-18T17:10:41 IST" duration-ms="4480" status="PASS">
          <reporter-output>
            <line>
              <![CDATA[Entered Textpratyushanp01@gmail.com In the Username TextBox]]>
            </line>
            <line>
              <![CDATA[Entered Text45@#Prashu In the password TextBox]]>
            </line>
            <line>
              <![CDATA[Clicked onLogin Btn]]>
            </line>
          </reporter-output>
        </test-method> <!-- login -->
        <test-method is-config="true" signature="tearDown()[pri:0, instance:com.dunn.telemedicine.scripts.LoginWithEmailVerificationandwithoutprofileupdation@4386f16]" started-at="2020-12-18T17:10:41 IST" name="tearDown" finished-at="2020-12-18T17:10:41 IST" duration-ms="0" status="PASS">
          <reporter-output>
          </reporter-output>
        </test-method> <!-- tearDown -->
      </class> <!-- com.dunn.telemedicine.scripts.LoginWithEmailVerificationandwithoutprofileupdation -->
    </test> <!-- Default test -->
  </suite> <!-- Default suite -->
</testng-results>
