<?xml version="1.0" encoding="UTF-8"?>
<testng-results ignored="0" total="1" passed="1" failed="0" skipped="0">
  <reporter-output>
    <line>
      <![CDATA[Browser launched successfully ]]>
    </line>
    <line>
      <![CDATA[Application loaded ]]>
    </line>
    <line>
      <![CDATA[Entered Texttestpatient2020@gmail.com   In the Username TextBox]]>
    </line>
    <line>
      <![CDATA[Entered TextPassword123@ In the password TextBox]]>
    </line>
    <line>
      <![CDATA[Clicked onLogin Btn]]>
    </line>
  </reporter-output>
  <suite started-at="2020-12-17T10:49:37 IST" name="Default suite" finished-at="2020-12-17T10:49:52 IST" duration-ms="14778">
    <groups>
    </groups>
    <test started-at="2020-12-17T10:49:37 IST" name="Default test" finished-at="2020-12-17T10:49:52 IST" duration-ms="14778">
      <class name="com.dunn.telemedicine.scripts.Login">
        <test-method is-config="true" signature="setUp(org.testng.ITestContext)[pri:0, instance:com.dunn.telemedicine.scripts.Login@4386f16]" started-at="2020-12-17T10:49:37 IST" name="setUp" finished-at="2020-12-17T10:49:47 IST" duration-ms="9917" status="PASS">
          <params>
            <param index="0">
              <value>
                <![CDATA[org.testng.TestRunner@591fd34d]]>
              </value>
            </param>
          </params>
          <reporter-output>
            <line>
              <![CDATA[Browser launched successfully ]]>
            </line>
            <line>
              <![CDATA[Application loaded ]]>
            </line>
          </reporter-output>
        </test-method> <!-- setUp -->
        <test-method signature="login()[pri:0, instance:com.dunn.telemedicine.scripts.Login@4386f16]" started-at="2020-12-17T10:49:47 IST" name="login" finished-at="2020-12-17T10:49:52 IST" duration-ms="4777" status="PASS">
          <reporter-output>
            <line>
              <![CDATA[Entered Texttestpatient2020@gmail.com   In the Username TextBox]]>
            </line>
            <line>
              <![CDATA[Entered TextPassword123@ In the password TextBox]]>
            </line>
            <line>
              <![CDATA[Clicked onLogin Btn]]>
            </line>
          </reporter-output>
        </test-method> <!-- login -->
        <test-method is-config="true" signature="tearDown()[pri:0, instance:com.dunn.telemedicine.scripts.Login@4386f16]" started-at="2020-12-17T10:49:52 IST" name="tearDown" finished-at="2020-12-17T10:49:52 IST" duration-ms="53" status="PASS">
          <reporter-output>
          </reporter-output>
        </test-method> <!-- tearDown -->
      </class> <!-- com.dunn.telemedicine.scripts.Login -->
    </test> <!-- Default test -->
  </suite> <!-- Default suite -->
</testng-results>
